<?xml version="1.0" encoding="UTF-8"?>
<!-- Generated by org.testng.reporters.JUnitXMLReporter -->
<testsuite hostname="LAPTOP-6QHL3RD4" ignored="0" name="Test2" tests="3" failures="1" timestamp="12 Jun 2019 15:03:46 GMT" time="0.072" errors="0">
  <testcase name="@BeforeTest setUp" time="0.0" classname="com.class05.SmartBearDataProviderParallel">
    <failure type="org.testng.TestNGException" message="
Parameter &amp;apos;browser&amp;apos; is required by BeforeTest on method setUp but has not been marked @Optional or defined
in C:\Users\fezac\eclipse-workspace\TestNGBasics\parallelTest.xml">
      <![CDATA[org.testng.TestNGException: 
Parameter 'browser' is required by BeforeTest on method setUp but has not been marked @Optional or defined
in C:\Users\fezac\eclipse-workspace\TestNGBasics\parallelTest.xml
... Removed 21 stack frames]]>
    </failure>
  </testcase> <!-- @BeforeTest setUp -->
  <testcase name="@AfterTest tearDown" time="0.002" classname="com.class05.SmartBearDataProviderParallel">
    <failure type="java.lang.NullPointerException">
      <![CDATA[java.lang.NullPointerException
at com.class05.SmartBearDataProviderParallel.tearDown(SmartBearDataProviderParallel.java:103)
... Removed 24 stack frames]]>
    </failure>
  </testcase> <!-- @AfterTest tearDown -->
  <testcase name="testCrossBrowser" time="0.0" classname="com.class05.CrossBrowserDemo">
    <failure type="org.testng.TestNGException" message="
Parameter &amp;apos;browser&amp;apos; is required by @Test on method testCrossBrowser but has not been marked @Optional or defined
in C:\Users\fezac\eclipse-workspace\TestNGBasics\parallelTest.xml">
      <![CDATA[org.testng.TestNGException: 
Parameter 'browser' is required by @Test on method testCrossBrowser but has not been marked @Optional or defined
in C:\Users\fezac\eclipse-workspace\TestNGBasics\parallelTest.xml
at java.util.concurrent.ThreadPoolExecutor.runWorker(ThreadPoolExecutor.java:1149)
at java.util.concurrent.ThreadPoolExecutor$Worker.run(ThreadPoolExecutor.java:624)
at java.lang.Thread.run(Thread.java:748)
... Removed 9 stack frames]]>
    </failure>
  </testcase> <!-- testCrossBrowser -->
  <testcase name="validateOrder" time="0.0" classname="com.class05.SmartBearDataProviderParallel">
    <skipped/>
  </testcase> <!-- validateOrder -->
  <testcase name="validateOrder" time="0.0" classname="com.class05.SmartBearDataProviderParallel">
    <skipped/>
  </testcase> <!-- validateOrder -->
</testsuite> <!-- Test2 -->
